#
# There is insufficient memory for the Java Runtime Environment to continue.
# Native memory allocation (malloc) failed to allocate 476176 bytes for Chunk::new
# Possible reasons:
#   The system is out of physical RAM or swap space
#   The process is running with CompressedOops enabled, and the Java Heap may be blocking the growth of the native heap
# Possible solutions:
#   Reduce memory load on the system
#   Increase physical memory or swap space
#   Check if swap backing store is full
#   Decrease Java heap size (-Xmx/-Xms)
#   Decrease number of Java threads
#   Decrease Java thread stack sizes (-Xss)
#   Set larger code cache with -XX:ReservedCodeCacheSize=
#   JVM is running with Zero Based Compressed Oops mode in which the Java heap is
#     placed in the first 32GB address space. The Java Heap base address is the
#     maximum limit for the native heap growth. Please use -XX:HeapBaseMinAddress
#     to set the Java Heap base and to place the Java Heap above 32GB virtual address.
# This output file may be truncated or incomplete.
#
#  Out of Memory Error (arena.cpp:189), pid=30076, tid=9300
#
# JRE version: OpenJDK Runtime Environment Temurin-17.0.3+7 (17.0.3+7) (build 17.0.3+7)
# Java VM: OpenJDK 64-Bit Server VM Temurin-17.0.3+7 (17.0.3+7, mixed mode, tiered, compressed oops, compressed class ptrs, parallel gc, windows-amd64)
# No core dump will be written. Minidumps are not enabled by default on client versions of Windows
#

---------------  S U M M A R Y ------------

Command Line: --add-modules=ALL-SYSTEM --add-opens=java.base/java.util=ALL-UNNAMED --add-opens=java.base/java.lang=ALL-UNNAMED --add-opens=java.base/sun.nio.fs=ALL-UNNAMED -Declipse.application=org.eclipse.jdt.ls.core.id1 -Dosgi.bundles.defaultStartLevel=4 -Declipse.product=org.eclipse.jdt.ls.core.product -Djava.import.generatesMetadataFilesAtProjectRoot=false -Dfile.encoding=utf8 -DwatchParentProcess=false -XX:+UseParallelGC -XX:GCTimeRatio=4 -XX:AdaptiveSizePolicyWeight=90 -Dsun.zip.disableMemoryMapping=true -Xmx1G -Xms100m -XX:+HeapDumpOnOutOfMemoryError -XX:HeapDumpPath=c:\Users\oguz2\AppData\Roaming\Code\User\workspaceStorage\5f333f98354a6eec87f3407041a85514\redhat.java -Xmx4000M c:\Users\oguz2\.vscode\extensions\redhat.java-1.8.0-win32-x64\server\plugins\org.eclipse.equinox.launcher_1.6.400.v20210924-0641.jar -configuration c:\Users\oguz2\AppData\Roaming\Code\User\globalStorage\redhat.java\1.8.0\config_win -data c:\Users\oguz2\AppData\Roaming\Code\User\workspaceStorage\5f333f98354a6eec87f3407041a85514\redhat.java\jdt_ws

Host: Intel(R) Core(TM) i7-6700HQ CPU @ 2.60GHz, 8 cores, 15G,  Windows 10 , 64 bit Build 19041 (10.0.19041.1741)
Time: Mon Jul 18 12:19:04 2022 Türkiye Standart Saati elapsed time: 3.850877 seconds (0d 0h 0m 3s)

---------------  T H R E A D  ---------------

Current thread (0x00000150ce914c40):  JavaThread "C2 CompilerThread1" daemon [_thread_in_native, id=9300, stack(0x0000000cd0200000,0x0000000cd0300000)]


Current CompileTask:
C2:   3850 3424       4       org.eclipse.osgi.internal.loader.BundleLoader::addExportedProvidersFor (167 bytes)

Stack: [0x0000000cd0200000,0x0000000cd0300000]
Native frames: (J=compiled Java code, j=interpreted, Vv=VM code, C=native code)
V  [jvm.dll+0x675efa]
V  [jvm.dll+0x830a24]
V  [jvm.dll+0x8321ce]
V  [jvm.dll+0x832833]
V  [jvm.dll+0x2454b5]
V  [jvm.dll+0xabd7b]
V  [jvm.dll+0xac30c]
V  [jvm.dll+0x2ac5bf]
V  [jvm.dll+0x57cd09]
V  [jvm.dll+0x22056d]
V  [jvm.dll+0x219a1f]
V  [jvm.dll+0x21767b]
V  [jvm.dll+0x1a3ccd]
V  [jvm.dll+0x227178]
V  [jvm.dll+0x2252bc]
V  [jvm.dll+0x7e673b]
V  [jvm.dll+0x7e0cfa]
V  [jvm.dll+0x674d85]
C  [ucrtbase.dll+0x21bb2]
C  [KERNEL32.DLL+0x17034]
C  [ntdll.dll+0x52651]


---------------  P R O C E S S  ---------------

Threads class SMR info:
_java_thread_list=0x00000150d1143aa0, length=26, elements={
0x00000150afba65b0, 0x00000150ca6c4b50, 0x00000150ca6c63e0, 0x00000150cc12d690,
0x00000150cc12e400, 0x00000150cc15d7c0, 0x00000150cc15f830, 0x00000150ca6cb430,
0x00000150cc167090, 0x00000150ca6cde40, 0x00000150cc24cd60, 0x00000150cc3844a0,
0x00000150ce408eb0, 0x00000150cd864910, 0x00000150cd865770, 0x00000150ce474050,
0x00000150ce43f480, 0x00000150cd774270, 0x00000150ce750870, 0x00000150ce74f060,
0x00000150ce7503a0, 0x00000150ce74fed0, 0x00000150ce914c40, 0x00000150ce74fa00,
0x00000150cec9b020, 0x00000150ce816e90
}

Java Threads: ( => current thread )
  0x00000150afba65b0 JavaThread "main" [_thread_blocked, id=32892, stack(0x0000000ccf200000,0x0000000ccf300000)]
  0x00000150ca6c4b50 JavaThread "Reference Handler" daemon [_thread_blocked, id=12624, stack(0x0000000ccf500000,0x0000000ccf600000)]
  0x00000150ca6c63e0 JavaThread "Finalizer" daemon [_thread_blocked, id=19244, stack(0x0000000ccf600000,0x0000000ccf700000)]
  0x00000150cc12d690 JavaThread "Signal Dispatcher" daemon [_thread_blocked, id=15552, stack(0x0000000ccf700000,0x0000000ccf800000)]
  0x00000150cc12e400 JavaThread "Attach Listener" daemon [_thread_blocked, id=31132, stack(0x0000000ccf800000,0x0000000ccf900000)]
  0x00000150cc15d7c0 JavaThread "Service Thread" daemon [_thread_blocked, id=14968, stack(0x0000000ccf900000,0x0000000ccfa00000)]
  0x00000150cc15f830 JavaThread "Monitor Deflation Thread" daemon [_thread_blocked, id=30092, stack(0x0000000ccfa00000,0x0000000ccfb00000)]
  0x00000150ca6cb430 JavaThread "C2 CompilerThread0" daemon [_thread_blocked, id=1164, stack(0x0000000ccfb00000,0x0000000ccfc00000)]
  0x00000150cc167090 JavaThread "C1 CompilerThread0" daemon [_thread_blocked, id=32284, stack(0x0000000ccfc00000,0x0000000ccfd00000)]
  0x00000150ca6cde40 JavaThread "Sweeper thread" daemon [_thread_blocked, id=28112, stack(0x0000000ccfd00000,0x0000000ccfe00000)]
  0x00000150cc24cd60 JavaThread "Common-Cleaner" daemon [_thread_blocked, id=18176, stack(0x0000000ccfe00000,0x0000000ccff00000)]
  0x00000150cc3844a0 JavaThread "Notification Thread" daemon [_thread_blocked, id=33296, stack(0x0000000cd0000000,0x0000000cd0100000)]
  0x00000150ce408eb0 JavaThread "Active Thread: Equinox Container: 63bd4656-ff68-470c-9ef7-b9284e454bbe" [_thread_blocked, id=29784, stack(0x0000000cd0300000,0x0000000cd0400000)]
  0x00000150cd864910 JavaThread "Framework Event Dispatcher: Equinox Container: 63bd4656-ff68-470c-9ef7-b9284e454bbe" daemon [_thread_blocked, id=9604, stack(0x0000000cd0400000,0x0000000cd0500000)]
  0x00000150cd865770 JavaThread "Start Level: Equinox Container: 63bd4656-ff68-470c-9ef7-b9284e454bbe" daemon [_thread_blocked, id=12352, stack(0x0000000cd0500000,0x0000000cd0600000)]
  0x00000150ce474050 JavaThread "SCR Component Actor" daemon [_thread_blocked, id=26576, stack(0x0000000cd0c00000,0x0000000cd0d00000)]
  0x00000150ce43f480 JavaThread "Timer-0" [_thread_blocked, id=26800, stack(0x0000000cd0d00000,0x0000000cd0e00000)]
  0x00000150cd774270 JavaThread "Bundle File Closer" daemon [_thread_blocked, id=8964, stack(0x0000000cd0e00000,0x0000000cd0f00000)]
  0x00000150ce750870 JavaThread "Worker-JM" [_thread_blocked, id=1428, stack(0x0000000cd0f00000,0x0000000cd1000000)]
  0x00000150ce74f060 JavaThread "Worker-0: Repository registry initialization" [_thread_blocked, id=17348, stack(0x0000000cd1100000,0x0000000cd1200000)]
  0x00000150ce7503a0 JavaThread "Worker-1" [_thread_blocked, id=14328, stack(0x0000000ccff00000,0x0000000cd0000000)]
  0x00000150ce74fed0 JavaThread "Worker-2" [_thread_blocked, id=11312, stack(0x0000000cd1200000,0x0000000cd1300000)]
=>0x00000150ce914c40 JavaThread "C2 CompilerThread1" daemon [_thread_in_native, id=9300, stack(0x0000000cd0200000,0x0000000cd0300000)]
  0x00000150ce74fa00 JavaThread "Java indexing" daemon [_thread_blocked, id=22156, stack(0x0000000cd1300000,0x0000000cd1400000)]
  0x00000150cec9b020 JavaThread "C2 CompilerThread2" daemon [_thread_in_native, id=20968, stack(0x0000000cd1400000,0x0000000cd1500000)]
  0x00000150ce816e90 JavaThread "pool-1-thread-1" [_thread_in_vm, id=11660, stack(0x0000000cd1500000,0x0000000cd1600000)]

Other Threads:
  0x00000150cc121c30 VMThread "VM Thread" [stack: 0x0000000ccf400000,0x0000000ccf500000] [id=10400] _threads_hazard_ptr=0x00000150d1143aa0
  0x00000150cc384970 WatcherThread [stack: 0x0000000cd0100000,0x0000000cd0200000] [id=30048]
  0x00000150afbbc240 GCTaskThread "GC Thread#0" [stack: 0x0000000ccf300000,0x0000000ccf400000] [id=14032]
  0x00000150cc4766b0 GCTaskThread "GC Thread#1" [stack: 0x0000000cd0600000,0x0000000cd0700000] [id=33688]
  0x00000150cd85d9c0 GCTaskThread "GC Thread#2" [stack: 0x0000000cd0700000,0x0000000cd0800000] [id=1204]
  0x00000150cd85dc70 GCTaskThread "GC Thread#3" [stack: 0x0000000cd0800000,0x0000000cd0900000] [id=29140]
  0x00000150cd7dcac0 GCTaskThread "GC Thread#4" [stack: 0x0000000cd0900000,0x0000000cd0a00000] [id=6108]
  0x00000150cd7dd2c0 GCTaskThread "GC Thread#5" [stack: 0x0000000cd0a00000,0x0000000cd0b00000] [id=31312]
  0x00000150cd7dd570 GCTaskThread "GC Thread#6" [stack: 0x0000000cd0b00000,0x0000000cd0c00000] [id=20928]
  0x00000150ce86cae0 GCTaskThread "GC Thread#7" [stack: 0x0000000cd1000000,0x0000000cd1100000] [id=8240]

Threads with active compile tasks:
C2 CompilerThread0     3894 3455   !   4       org.eclipse.osgi.internal.loader.classpath.ClasspathManager::findLocalClass (210 bytes)
C2 CompilerThread1     3895 3424       4       org.eclipse.osgi.internal.loader.BundleLoader::addExportedProvidersFor (167 bytes)
C2 CompilerThread2     3895 3289   !   4       org.eclipse.osgi.internal.loader.classpath.ClasspathManager::findClassImpl (308 bytes)

VM state: not at safepoint (normal execution)

VM Mutex/Monitor currently owned by a thread:  ([mutex/lock_event])
[0x00000150afba14f0] Compile_lock - owner thread: 0x00000150ce74f060

Heap address: 0x0000000706000000, size: 4000 MB, Compressed Oops mode: Zero based, Oop shift amount: 3

CDS archive(s) not mapped
Compressed class space mapped at: 0x0000000800000000-0x0000000840000000, reserved size: 1073741824
Narrow klass base: 0x0000000800000000, Narrow klass shift: 0, Narrow klass range: 0x40000000

GC Precious Log:
 CPUs: 8 total, 8 available
 Memory: 16211M
 Large Page Support: Disabled
 NUMA Support: Disabled
 Compressed Oops: Enabled (Zero based)
 Alignments: Space 512K, Generation 512K, Heap 2M
 Heap Min Capacity: 100M
 Heap Initial Capacity: 100M
 Heap Max Capacity: 4000M
 Pre-touch: Disabled
 Parallel Workers: 8

Heap:
 PSYoungGen      total 29696K, used 5795K [0x00000007acb00000, 0x00000007aed00000, 0x0000000800000000)
  eden space 25088K, 23% used [0x00000007acb00000,0x00000007ad0a8d18,0x00000007ae380000)
  from space 4608K, 0% used [0x00000007ae880000,0x00000007ae880000,0x00000007aed00000)
  to   space 4608K, 0% used [0x00000007ae400000,0x00000007ae400000,0x00000007ae880000)
 ParOldGen       total 68608K, used 13015K [0x0000000706000000, 0x000000070a300000, 0x00000007acb00000)
  object space 68608K, 18% used [0x0000000706000000,0x0000000706cb5ec8,0x000000070a300000)
 Metaspace       used 36938K, committed 37824K, reserved 1089536K
  class space    used 3898K, committed 4288K, reserved 1048576K

Card table byte_map: [0x00000150c1820000,0x00000150c2000000] _byte_map_base: 0x00000150bdff0000

Marking Bits: (ParMarkBitMap*) 0x00007ffed6124b80
 Begin Bits: [0x00000150c2000000, 0x00000150c5e80000)
 End Bits:   [0x00000150c5e80000, 0x00000150c9d00000)

Polling page: 0x00000150adba0000

Metaspace:

Usage:
  Non-class:     32.27 MB used.
      Class:      3.81 MB used.
       Both:     36.07 MB used.

Virtual space:
  Non-class space:       40.00 MB reserved,      32.75 MB ( 82%) committed,  5 nodes.
      Class space:        1.00 GB reserved,       4.19 MB ( <1%) committed,  1 nodes.
             Both:        1.04 GB reserved,      36.94 MB (  3%) committed. 

Chunk freelists:
   Non-Class:  2.47 MB
       Class:  3.85 MB
        Both:  6.32 MB

MaxMetaspaceSize: unlimited
CompressedClassSpaceSize: 1.00 GB
Initial GC threshold: 21.00 MB
Current GC threshold: 58.38 MB
CDS: off
MetaspaceReclaimPolicy: balanced
 - commit_granule_bytes: 65536.
 - commit_granule_words: 8192.
 - virtual_space_node_default_size: 1048576.
 - enlarge_chunks_in_place: 1.
 - new_chunks_are_fully_committed: 0.
 - uncommit_free_chunks: 1.
 - use_allocation_guard: 0.
 - handle_deallocations: 1.


Internal statistics:

num_allocs_failed_limit: 6.
num_arena_births: 486.
num_arena_deaths: 0.
num_vsnodes_births: 6.
num_vsnodes_deaths: 0.
num_space_committed: 591.
num_space_uncommitted: 0.
num_chunks_returned_to_freelist: 6.
num_chunks_taken_from_freelist: 1707.
num_chunk_merges: 6.
num_chunk_splits: 1093.
num_chunks_enlarged: 655.
num_purges: 0.
num_inconsistent_stats: 0.

CodeHeap 'non-profiled nmethods': size=120000Kb used=1471Kb max_used=1471Kb free=118528Kb
 bounds [0x00000150ba2f0000, 0x00000150ba560000, 0x00000150c1820000]
CodeHeap 'profiled nmethods': size=120000Kb used=6965Kb max_used=6965Kb free=113034Kb
 bounds [0x00000150b2dc0000, 0x00000150b3490000, 0x00000150ba2f0000]
CodeHeap 'non-nmethods': size=5760Kb used=1260Kb max_used=1319Kb free=4499Kb
 bounds [0x00000150b2820000, 0x00000150b2a90000, 0x00000150b2dc0000]
 total_blobs=4068 nmethods=3490 adapters=492
 compilation: enabled
              stopped_count=0, restarted_count=0
 full_count=0

Compilation events (20 events):
Event: 3.731 Thread 0x00000150cc167090 nmethod 3434 0x00000150b3470010 code [0x00000150b34701c0, 0x00000150b3470398]
Event: 3.731 Thread 0x00000150cc167090 3435       3       com.google.gson.internal.bind.TypeAdapters$30::create (20 bytes)
Event: 3.732 Thread 0x00000150cc167090 nmethod 3435 0x00000150b3470490 code [0x00000150b3470640, 0x00000150b34707f8]
Event: 3.732 Thread 0x00000150cc167090 3436       1       com.google.gson.reflect.TypeToken::hashCode (5 bytes)
Event: 3.732 Thread 0x00000150cc167090 nmethod 3436 0x00000150ba451110 code [0x00000150ba4512a0, 0x00000150ba451378]
Event: 3.744 Thread 0x00000150cc167090 3437       3       java.lang.Class::isAnonymousClass (27 bytes)
Event: 3.744 Thread 0x00000150cc167090 nmethod 3437 0x00000150b3470890 code [0x00000150b3470a80, 0x00000150b3470e18]
Event: 3.744 Thread 0x00000150cc167090 3438       3       java.lang.Class::isLocalClass (27 bytes)
Event: 3.745 Thread 0x00000150cc167090 nmethod 3438 0x00000150b3470f90 code [0x00000150b3471180, 0x00000150b3471518]
Event: 3.745 Thread 0x00000150cc167090 3439       3       com.google.gson.internal.Excluder::isStatic (16 bytes)
Event: 3.745 Thread 0x00000150cc167090 nmethod 3439 0x00000150b3471690 code [0x00000150b3471820, 0x00000150b34719b8]
Event: 3.746 Thread 0x00000150cc167090 3440       3       java.lang.Enum::hashCode (5 bytes)
Event: 3.746 Thread 0x00000150cc167090 nmethod 3440 0x00000150b3471a90 code [0x00000150b3471c20, 0x00000150b3471d68]
Event: 3.746 Thread 0x00000150cc167090 3441       3       jdk.internal.reflect.Reflection::filter (163 bytes)
Event: 3.747 Thread 0x00000150cc167090 nmethod 3441 0x00000150b3471e10 code [0x00000150b3472080, 0x00000150b3472e08]
Event: 3.748 Thread 0x00000150cc167090 3442   !   3       sun.reflect.annotation.AnnotationParser::parseAnnotations (37 bytes)
Event: 3.748 Thread 0x00000150cc167090 nmethod 3442 0x00000150b3473210 code [0x00000150b3473400, 0x00000150b3473728]
Event: 3.748 Thread 0x00000150cc167090 3444       3       com.google.gson.internal.Excluder::isAnonymousOrNonStaticLocal (37 bytes)
Event: 3.749 Thread 0x00000150cc167090 nmethod 3444 0x00000150b3473890 code [0x00000150b3473b00, 0x00000150b3474448]
Event: 3.749 Thread 0x00000150cc167090 3443       3       com.google.gson.internal.Excluder::excludeClassInStrategy (64 bytes)

GC Heap History (16 events):
Event: 1.036 GC heap before
{Heap before GC invocations=1 (full 0):
 PSYoungGen      total 29696K, used 25600K [0x00000007acb00000, 0x00000007aec00000, 0x0000000800000000)
  eden space 25600K, 100% used [0x00000007acb00000,0x00000007ae400000,0x00000007ae400000)
  from space 4096K, 0% used [0x00000007ae800000,0x00000007ae800000,0x00000007aec00000)
  to   space 4096K, 0% used [0x00000007ae400000,0x00000007ae400000,0x00000007ae800000)
 ParOldGen       total 68608K, used 0K [0x0000000706000000, 0x000000070a300000, 0x00000007acb00000)
  object space 68608K, 0% used [0x0000000706000000,0x0000000706000000,0x000000070a300000)
 Metaspace       used 12628K, committed 12800K, reserved 1064960K
  class space    used 1270K, committed 1344K, reserved 1048576K
}
Event: 1.045 GC heap after
{Heap after GC invocations=1 (full 0):
 PSYoungGen      total 29696K, used 4088K [0x00000007acb00000, 0x00000007aec00000, 0x0000000800000000)
  eden space 25600K, 0% used [0x00000007acb00000,0x00000007acb00000,0x00000007ae400000)
  from space 4096K, 99% used [0x00000007ae400000,0x00000007ae7fe2e8,0x00000007ae800000)
  to   space 4096K, 0% used [0x00000007ae800000,0x00000007ae800000,0x00000007aec00000)
 ParOldGen       total 68608K, used 725K [0x0000000706000000, 0x000000070a300000, 0x00000007acb00000)
  object space 68608K, 1% used [0x0000000706000000,0x00000007060b56c8,0x000000070a300000)
 Metaspace       used 12628K, committed 12800K, reserved 1064960K
  class space    used 1270K, committed 1344K, reserved 1048576K
}
Event: 1.987 GC heap before
{Heap before GC invocations=2 (full 0):
 PSYoungGen      total 29696K, used 29688K [0x00000007acb00000, 0x00000007aec00000, 0x0000000800000000)
  eden space 25600K, 100% used [0x00000007acb00000,0x00000007ae400000,0x00000007ae400000)
  from space 4096K, 99% used [0x00000007ae400000,0x00000007ae7fe2e8,0x00000007ae800000)
  to   space 4096K, 0% used [0x00000007ae800000,0x00000007ae800000,0x00000007aec00000)
 ParOldGen       total 68608K, used 725K [0x0000000706000000, 0x000000070a300000, 0x00000007acb00000)
  object space 68608K, 1% used [0x0000000706000000,0x00000007060b56c8,0x000000070a300000)
 Metaspace       used 19627K, committed 19968K, reserved 1073152K
  class space    used 1980K, committed 2112K, reserved 1048576K
}
Event: 1.994 GC heap after
{Heap after GC invocations=2 (full 0):
 PSYoungGen      total 29696K, used 4095K [0x00000007acb00000, 0x00000007aec00000, 0x0000000800000000)
  eden space 25600K, 0% used [0x00000007acb00000,0x00000007acb00000,0x00000007ae400000)
  from space 4096K, 99% used [0x00000007ae800000,0x00000007aebfffd0,0x00000007aec00000)
  to   space 4096K, 0% used [0x00000007ae400000,0x00000007ae400000,0x00000007ae800000)
 ParOldGen       total 68608K, used 5904K [0x0000000706000000, 0x000000070a300000, 0x00000007acb00000)
  object space 68608K, 8% used [0x0000000706000000,0x00000007065c4198,0x000000070a300000)
 Metaspace       used 19627K, committed 19968K, reserved 1073152K
  class space    used 1980K, committed 2112K, reserved 1048576K
}
Event: 2.257 GC heap before
{Heap before GC invocations=3 (full 0):
 PSYoungGen      total 29696K, used 11298K [0x00000007acb00000, 0x00000007aec00000, 0x0000000800000000)
  eden space 25600K, 28% used [0x00000007acb00000,0x00000007ad2088e8,0x00000007ae400000)
  from space 4096K, 99% used [0x00000007ae800000,0x00000007aebfffd0,0x00000007aec00000)
  to   space 4096K, 0% used [0x00000007ae400000,0x00000007ae400000,0x00000007ae800000)
 ParOldGen       total 68608K, used 5904K [0x0000000706000000, 0x000000070a300000, 0x00000007acb00000)
  object space 68608K, 8% used [0x0000000706000000,0x00000007065c4198,0x000000070a300000)
 Metaspace       used 21093K, committed 21504K, reserved 1073152K
  class space    used 2148K, committed 2368K, reserved 1048576K
}
Event: 2.262 GC heap after
{Heap after GC invocations=3 (full 0):
 PSYoungGen      total 29696K, used 4077K [0x00000007acb00000, 0x00000007aec00000, 0x0000000800000000)
  eden space 25600K, 0% used [0x00000007acb00000,0x00000007acb00000,0x00000007ae400000)
  from space 4096K, 99% used [0x00000007ae400000,0x00000007ae7fb478,0x00000007ae800000)
  to   space 4096K, 0% used [0x00000007ae800000,0x00000007ae800000,0x00000007aec00000)
 ParOldGen       total 68608K, used 6148K [0x0000000706000000, 0x000000070a300000, 0x00000007acb00000)
  object space 68608K, 8% used [0x0000000706000000,0x00000007066012c0,0x000000070a300000)
 Metaspace       used 21093K, committed 21504K, reserved 1073152K
  class space    used 2148K, committed 2368K, reserved 1048576K
}
Event: 2.262 GC heap before
{Heap before GC invocations=4 (full 1):
 PSYoungGen      total 29696K, used 4077K [0x00000007acb00000, 0x00000007aec00000, 0x0000000800000000)
  eden space 25600K, 0% used [0x00000007acb00000,0x00000007acb00000,0x00000007ae400000)
  from space 4096K, 99% used [0x00000007ae400000,0x00000007ae7fb478,0x00000007ae800000)
  to   space 4096K, 0% used [0x00000007ae800000,0x00000007ae800000,0x00000007aec00000)
 ParOldGen       total 68608K, used 6148K [0x0000000706000000, 0x000000070a300000, 0x00000007acb00000)
  object space 68608K, 8% used [0x0000000706000000,0x00000007066012c0,0x000000070a300000)
 Metaspace       used 21093K, committed 21504K, reserved 1073152K
  class space    used 2148K, committed 2368K, reserved 1048576K
}
Event: 2.287 GC heap after
{Heap after GC invocations=4 (full 1):
 PSYoungGen      total 29696K, used 0K [0x00000007acb00000, 0x00000007aec00000, 0x0000000800000000)
  eden space 25600K, 0% used [0x00000007acb00000,0x00000007acb00000,0x00000007ae400000)
  from space 4096K, 0% used [0x00000007ae400000,0x00000007ae400000,0x00000007ae800000)
  to   space 4096K, 0% used [0x00000007ae800000,0x00000007ae800000,0x00000007aec00000)
 ParOldGen       total 68608K, used 9407K [0x0000000706000000, 0x000000070a300000, 0x00000007acb00000)
  object space 68608K, 13% used [0x0000000706000000,0x000000070692fe98,0x000000070a300000)
 Metaspace       used 21093K, committed 21504K, reserved 1073152K
  class space    used 2148K, committed 2368K, reserved 1048576K
}
Event: 2.918 GC heap before
{Heap before GC invocations=5 (full 1):
 PSYoungGen      total 29696K, used 25600K [0x00000007acb00000, 0x00000007aec00000, 0x0000000800000000)
  eden space 25600K, 100% used [0x00000007acb00000,0x00000007ae400000,0x00000007ae400000)
  from space 4096K, 0% used [0x00000007ae400000,0x00000007ae400000,0x00000007ae800000)
  to   space 4096K, 0% used [0x00000007ae800000,0x00000007ae800000,0x00000007aec00000)
 ParOldGen       total 68608K, used 9407K [0x0000000706000000, 0x000000070a300000, 0x00000007acb00000)
  object space 68608K, 13% used [0x0000000706000000,0x000000070692fe98,0x000000070a300000)
 Metaspace       used 28504K, committed 29120K, reserved 1081344K
  class space    used 2808K, committed 3072K, reserved 1048576K
}
Event: 2.919 GC heap after
{Heap after GC invocations=5 (full 1):
 PSYoungGen      total 29696K, used 2046K [0x00000007acb00000, 0x00000007aec00000, 0x0000000800000000)
  eden space 25600K, 0% used [0x00000007acb00000,0x00000007acb00000,0x00000007ae400000)
  from space 4096K, 49% used [0x00000007ae800000,0x00000007ae9ffb30,0x00000007aec00000)
  to   space 4096K, 0% used [0x00000007ae400000,0x00000007ae400000,0x00000007ae800000)
 ParOldGen       total 68608K, used 9415K [0x0000000706000000, 0x000000070a300000, 0x00000007acb00000)
  object space 68608K, 13% used [0x0000000706000000,0x0000000706931e98,0x000000070a300000)
 Metaspace       used 28504K, committed 29120K, reserved 1081344K
  class space    used 2808K, committed 3072K, reserved 1048576K
}
Event: 3.674 GC heap before
{Heap before GC invocations=6 (full 1):
 PSYoungGen      total 29696K, used 27646K [0x00000007acb00000, 0x00000007aec00000, 0x0000000800000000)
  eden space 25600K, 100% used [0x00000007acb00000,0x00000007ae400000,0x00000007ae400000)
  from space 4096K, 49% used [0x00000007ae800000,0x00000007ae9ffb30,0x00000007aec00000)
  to   space 4096K, 0% used [0x00000007ae400000,0x00000007ae400000,0x00000007ae800000)
 ParOldGen       total 68608K, used 9415K [0x0000000706000000, 0x000000070a300000, 0x00000007acb00000)
  object space 68608K, 13% used [0x0000000706000000,0x0000000706931e98,0x000000070a300000)
 Metaspace       used 34701K, committed 35520K, reserved 1081344K
  class space    used 3567K, committed 3904K, reserved 1048576K
}
Event: 3.677 GC heap after
{Heap after GC invocations=6 (full 1):
 PSYoungGen      total 29184K, used 4081K [0x00000007acb00000, 0x00000007aed80000, 0x0000000800000000)
  eden space 25088K, 0% used [0x00000007acb00000,0x00000007acb00000,0x00000007ae380000)
  from space 4096K, 99% used [0x00000007ae400000,0x00000007ae7fc728,0x00000007ae800000)
  to   space 5120K, 0% used [0x00000007ae880000,0x00000007ae880000,0x00000007aed80000)
 ParOldGen       total 68608K, used 9727K [0x0000000706000000, 0x000000070a300000, 0x00000007acb00000)
  object space 68608K, 14% used [0x0000000706000000,0x000000070697fea8,0x000000070a300000)
 Metaspace       used 34701K, committed 35520K, reserved 1081344K
  class space    used 3567K, committed 3904K, reserved 1048576K
}
Event: 3.698 GC heap before
{Heap before GC invocations=7 (full 1):
 PSYoungGen      total 29184K, used 5183K [0x00000007acb00000, 0x00000007aed80000, 0x0000000800000000)
  eden space 25088K, 4% used [0x00000007acb00000,0x00000007acc13668,0x00000007ae380000)
  from space 4096K, 99% used [0x00000007ae400000,0x00000007ae7fc728,0x00000007ae800000)
  to   space 5120K, 0% used [0x00000007ae880000,0x00000007ae880000,0x00000007aed80000)
 ParOldGen       total 68608K, used 9727K [0x0000000706000000, 0x000000070a300000, 0x00000007acb00000)
  object space 68608K, 14% used [0x0000000706000000,0x000000070697fea8,0x000000070a300000)
 Metaspace       used 35028K, committed 35840K, reserved 1081344K
  class space    used 3619K, committed 3968K, reserved 1048576K
}
Event: 3.700 GC heap after
{Heap after GC invocations=7 (full 1):
 PSYoungGen      total 29696K, used 4252K [0x00000007acb00000, 0x00000007aed00000, 0x0000000800000000)
  eden space 25088K, 0% used [0x00000007acb00000,0x00000007acb00000,0x00000007ae380000)
  from space 4608K, 92% used [0x00000007ae880000,0x00000007aeca7048,0x00000007aed00000)
  to   space 4608K, 0% used [0x00000007ae400000,0x00000007ae400000,0x00000007ae880000)
 ParOldGen       total 68608K, used 9735K [0x0000000706000000, 0x000000070a300000, 0x00000007acb00000)
  object space 68608K, 14% used [0x0000000706000000,0x0000000706981ea8,0x000000070a300000)
 Metaspace       used 35028K, committed 35840K, reserved 1081344K
  class space    used 3619K, committed 3968K, reserved 1048576K
}
Event: 3.700 GC heap before
{Heap before GC invocations=8 (full 2):
 PSYoungGen      total 29696K, used 4252K [0x00000007acb00000, 0x00000007aed00000, 0x0000000800000000)
  eden space 25088K, 0% used [0x00000007acb00000,0x00000007acb00000,0x00000007ae380000)
  from space 4608K, 92% used [0x00000007ae880000,0x00000007aeca7048,0x00000007aed00000)
  to   space 4608K, 0% used [0x00000007ae400000,0x00000007ae400000,0x00000007ae880000)
 ParOldGen       total 68608K, used 9735K [0x0000000706000000, 0x000000070a300000, 0x00000007acb00000)
  object space 68608K, 14% used [0x0000000706000000,0x0000000706981ea8,0x000000070a300000)
 Metaspace       used 35028K, committed 35840K, reserved 1081344K
  class space    used 3619K, committed 3968K, reserved 1048576K
}
Event: 3.727 GC heap after
{Heap after GC invocations=8 (full 2):
 PSYoungGen      total 29696K, used 0K [0x00000007acb00000, 0x00000007aed00000, 0x0000000800000000)
  eden space 25088K, 0% used [0x00000007acb00000,0x00000007acb00000,0x00000007ae380000)
  from space 4608K, 0% used [0x00000007ae880000,0x00000007ae880000,0x00000007aed00000)
  to   space 4608K, 0% used [0x00000007ae400000,0x00000007ae400000,0x00000007ae880000)
 ParOldGen       total 68608K, used 13015K [0x0000000706000000, 0x000000070a300000, 0x00000007acb00000)
  object space 68608K, 18% used [0x0000000706000000,0x0000000706cb5ec8,0x000000070a300000)
 Metaspace       used 35028K, committed 35840K, reserved 1081344K
  class space    used 3619K, committed 3968K, reserved 1048576K
}

Deoptimization events (20 events):
Event: 3.406 Thread 0x00000150cd865770 DEOPT PACKING pc=0x00000150ba41a86c sp=0x0000000cd05fcf30
Event: 3.407 Thread 0x00000150cd865770 DEOPT UNPACKING pc=0x00000150b28720a3 sp=0x0000000cd05fce98 mode 2
Event: 3.407 Thread 0x00000150cd865770 Uncommon trap: trap_request=0xffffff76 fr.pc=0x00000150ba42ea78 relative=0x00000000000006b8
Event: 3.407 Thread 0x00000150cd865770 Uncommon trap: reason=predicate action=maybe_recompile pc=0x00000150ba42ea78 method=java.util.TreeMap.getEntryUsingComparator(Ljava/lang/Object;)Ljava/util/TreeMap$Entry; @ 19 c2
Event: 3.407 Thread 0x00000150cd865770 DEOPT PACKING pc=0x00000150ba42ea78 sp=0x0000000cd05fcd20
Event: 3.407 Thread 0x00000150cd865770 DEOPT UNPACKING pc=0x00000150b28720a3 sp=0x0000000cd05fcc40 mode 2
Event: 3.436 Thread 0x00000150afba65b0 Uncommon trap: trap_request=0xffffff76 fr.pc=0x00000150ba42bf88 relative=0x00000000000006c8
Event: 3.436 Thread 0x00000150afba65b0 Uncommon trap: reason=predicate action=maybe_recompile pc=0x00000150ba42bf88 method=java.util.TreeMap.getEntryUsingComparator(Ljava/lang/Object;)Ljava/util/TreeMap$Entry; @ 19 c2
Event: 3.436 Thread 0x00000150afba65b0 DEOPT PACKING pc=0x00000150ba42bf88 sp=0x0000000ccf2fe250
Event: 3.436 Thread 0x00000150afba65b0 DEOPT UNPACKING pc=0x00000150b28720a3 sp=0x0000000ccf2fe200 mode 2
Event: 3.444 Thread 0x00000150afba65b0 DEOPT PACKING pc=0x00000150b34244a6 sp=0x0000000ccf2f79d0
Event: 3.444 Thread 0x00000150afba65b0 DEOPT UNPACKING pc=0x00000150b2872843 sp=0x0000000ccf2f6ec0 mode 0
Event: 3.452 Thread 0x00000150afba65b0 Uncommon trap: trap_request=0xffffff45 fr.pc=0x00000150ba429c60 relative=0x0000000000001780
Event: 3.452 Thread 0x00000150afba65b0 Uncommon trap: reason=unstable_if action=reinterpret pc=0x00000150ba429c60 method=java.util.Properties.loadConvert([CIILjava/lang/StringBuilder;)Ljava/lang/String; @ 477 c2
Event: 3.452 Thread 0x00000150afba65b0 DEOPT PACKING pc=0x00000150ba429c60 sp=0x0000000ccf2f93c0
Event: 3.452 Thread 0x00000150afba65b0 DEOPT UNPACKING pc=0x00000150b28720a3 sp=0x0000000ccf2f93c0 mode 2
Event: 3.641 Thread 0x00000150afba65b0 Uncommon trap: trap_request=0xffffff45 fr.pc=0x00000150ba3f2e38 relative=0x0000000000000118
Event: 3.642 Thread 0x00000150afba65b0 Uncommon trap: reason=unstable_if action=reinterpret pc=0x00000150ba3f2e38 method=jdk.internal.org.objectweb.asm.SymbolTable.put(Ljdk/internal/org/objectweb/asm/SymbolTable$Entry;)Ljdk/internal/org/objectweb/asm/SymbolTable$Entry; @ 13 c2
Event: 3.642 Thread 0x00000150afba65b0 DEOPT PACKING pc=0x00000150ba3f2e38 sp=0x0000000ccf2fd9f0
Event: 3.642 Thread 0x00000150afba65b0 DEOPT UNPACKING pc=0x00000150b28720a3 sp=0x0000000ccf2fd950 mode 2

Classes unloaded (0 events):
No events

Classes redefined (0 events):
No events

Internal exceptions (20 events):
Event: 2.585 Thread 0x00000150cd865770 Exception <a 'java/lang/NoSuchMethodError'{0x00000007ad52a4d0}: 'java.lang.Object java.lang.invoke.DirectMethodHandle$Holder.invokeSpecial(java.lang.Object, java.lang.Object, java.lang.Object, java.lang.Object, java.lang.Object, java.lang.Object, java.lang.Object, java.lang.Object, java.lang.Object, java.lang.Object, java.lang.Object, java.lang.Object, java.lang.Object)'> (0x00000007ad52a4d0) 
thrown [e:\jenkins\tmp\workspace\build\src\src\hotspot\share\interpreter\linkResolver.cpp, line 766]
Event: 2.585 Thread 0x00000150cd865770 Exception <a 'java/lang/NoSuchMethodError'{0x00000007ad530000}: 'java.lang.Object java.lang.invoke.Invokers$Holder.invoker(java.lang.Object, java.lang.Object, java.lang.Object, java.lang.Object, java.lang.Object, java.lang.Object, java.lang.Object, java.lang.Object, java.lang.Object, java.lang.Object, java.lang.Object, java.lang.Object, java.lang.Object)'> (0x00000007ad530000) 
thrown [e:\jenkins\tmp\workspace\build\src\src\hotspot\share\interpreter\linkResolver.cpp, line 766]
Event: 2.586 Thread 0x00000150cd865770 Exception <a 'java/lang/NoSuchMethodError'{0x00000007ad539bd0}: 'java.lang.Object java.lang.invoke.DirectMethodHandle$Holder.invokeSpecial(java.lang.Object, java.lang.Object, java.lang.Object, java.lang.Object, java.lang.Object, java.lang.Object, java.lang.Object, java.lang.Object, java.lang.Object, java.lang.Object, java.lang.Object, java.lang.Object, java.lang.Object, java.lang.Object)'> (0x00000007ad539bd0) 
thrown [e:\jenkins\tmp\workspace\build\src\src\hotspot\share\interpreter\linkResolver.cpp, line 
Event: 2.591 Thread 0x00000150cd865770 Exception <a 'java/lang/NoSuchMethodError'{0x00000007ad566d28}: static Lorg/eclipse/m2e/core/internal/lifecyclemapping/model/PluginExecutionMetadata;.<clinit>()V> (0x00000007ad566d28) 
thrown [e:\jenkins\tmp\workspace\build\src\src\hotspot\share\prims\jni.cpp, line 1107]
Event: 2.604 Thread 0x00000150cd865770 Exception <a 'java/lang/NoSuchMethodError'{0x00000007ad59cb50}: static Lorg/eclipse/m2e/core/internal/lifecyclemapping/model/PluginExecutionFilter;.<clinit>()V> (0x00000007ad59cb50) 
thrown [e:\jenkins\tmp\workspace\build\src\src\hotspot\share\prims\jni.cpp, line 1107]
Event: 2.977 Thread 0x00000150cd865770 Exception <a 'java/lang/ClassNotFoundException'{0x00000007ad40a310}: com/sun/org/apache/xerces/internal/impl/msg/spi/DOMMessagesProvider> (0x00000007ad40a310) 
thrown [e:\jenkins\tmp\workspace\build\src\src\hotspot\share\classfile\systemDictionary.cpp, line 256]
Event: 2.979 Thread 0x00000150cd865770 Exception <a 'java/lang/ClassNotFoundException'{0x00000007ad457960}: com/sun/org/apache/xerces/internal/impl/msg/spi/XMLSerializerMessagesProvider> (0x00000007ad457960) 
thrown [e:\jenkins\tmp\workspace\build\src\src\hotspot\share\classfile\systemDictionary.cpp, line 256]
Event: 2.979 Thread 0x00000150cd865770 Exception <a 'java/lang/ClassNotFoundException'{0x00000007ad464b98}: com/sun/org/apache/xerces/internal/impl/msg/spi/XMLMessagesProvider> (0x00000007ad464b98) 
thrown [e:\jenkins\tmp\workspace\build\src\src\hotspot\share\classfile\systemDictionary.cpp, line 256]
Event: 3.017 Thread 0x00000150cd865770 Exception <a 'sun/nio/fs/WindowsException'{0x00000007ad61d9f8}> (0x00000007ad61d9f8) 
thrown [e:\jenkins\tmp\workspace\build\src\src\hotspot\share\prims\jni.cpp, line 516]
Event: 3.041 Thread 0x00000150cd865770 Exception <a 'java/lang/NoSuchMethodError'{0x00000007ad676f28}: 'java.lang.Object java.lang.invoke.DirectMethodHandle$Holder.invokeStaticInit(java.lang.Object, int)'> (0x00000007ad676f28) 
thrown [e:\jenkins\tmp\workspace\build\src\src\hotspot\share\interpreter\linkResolver.cpp, line 766]
Event: 3.071 Thread 0x00000150cd865770 Exception <a 'java/lang/NoSuchMethodError'{0x00000007ad6f41c8}: 'java.lang.Object java.lang.invoke.DirectMethodHandle$Holder.invokeStaticInit(java.lang.Object, int, int, int, int)'> (0x00000007ad6f41c8) 
thrown [e:\jenkins\tmp\workspace\build\src\src\hotspot\share\interpreter\linkResolver.cpp, line 766]
Event: 3.187 Thread 0x00000150cd865770 Exception <a 'java/lang/NoSuchMethodError'{0x00000007ad7401d0}: 'java.lang.Object java.lang.invoke.DirectMethodHandle$Holder.invokeStaticInit(java.lang.Object, java.lang.Object, int, int, int, int)'> (0x00000007ad7401d0) 
thrown [e:\jenkins\tmp\workspace\build\src\src\hotspot\share\interpreter\linkResolver.cpp, line 766]
Event: 3.237 Thread 0x00000150cd865770 Exception <a 'java/lang/ClassNotFoundException'{0x00000007ad841a98}: com/sun/org/apache/xml/internal/serializer/spi/XMLEntitiesProvider> (0x00000007ad841a98) 
thrown [e:\jenkins\tmp\workspace\build\src\src\hotspot\share\classfile\systemDictionary.cpp, line 256]
Event: 3.311 Thread 0x00000150cd865770 Exception <a 'java/io/FileNotFoundException'{0x00000007ada409f8}> (0x00000007ada409f8) 
thrown [e:\jenkins\tmp\workspace\build\src\src\hotspot\share\prims\jni.cpp, line 516]
Event: 3.403 Thread 0x00000150cd865770 Exception <a 'java/lang/UnsatisfiedLinkError'{0x00000007adb8ced0}: Belirtilen yordam bulunamadÄ±.
> (0x00000007adb8ced0) 
thrown [e:\jenkins\tmp\workspace\build\src\src\hotspot\share\prims\jni.cpp, line 535]
Event: 3.406 Thread 0x00000150cd865770 Exception <a 'java/io/FileNotFoundException'{0x00000007adb99178}> (0x00000007adb99178) 
thrown [e:\jenkins\tmp\workspace\build\src\src\hotspot\share\prims\jni.cpp, line 516]
Event: 3.413 Thread 0x00000150cd865770 Exception <a 'java/io/FileNotFoundException'{0x00000007adbc3aa0}> (0x00000007adbc3aa0) 
thrown [e:\jenkins\tmp\workspace\build\src\src\hotspot\share\prims\jni.cpp, line 516]
Event: 3.424 Thread 0x00000150cd865770 Exception <a 'java/lang/UnsatisfiedLinkError'{0x00000007adcc9808}: Belirtilen yordam bulunamadÄ±.
> (0x00000007adcc9808) 
thrown [e:\jenkins\tmp\workspace\build\src\src\hotspot\share\prims\jni.cpp, line 535]
Event: 3.493 Thread 0x00000150afba65b0 Exception <a 'java/lang/NoSuchMethodError'{0x00000007adef8e90}: 'void java.lang.invoke.DirectMethodHandle$Holder.invokeStatic(java.lang.Object, java.lang.Object, java.lang.Object, java.lang.Object)'> (0x00000007adef8e90) 
thrown [e:\jenkins\tmp\workspace\build\src\src\hotspot\share\interpreter\linkResolver.cpp, line 766]
Event: 3.628 Thread 0x00000150afba65b0 Exception <a 'java/lang/NoSuchMethodError'{0x00000007ae297c58}: 'void java.lang.invoke.DirectMethodHandle$Holder.invokeSpecial(java.lang.Object, java.lang.Object, java.lang.Object, java.lang.Object, java.lang.Object, java.lang.Object)'> (0x00000007ae297c58) 
thrown [e:\jenkins\tmp\workspace\build\src\src\hotspot\share\interpreter\linkResolver.cpp, line 766]

VM Operations (20 events):
Event: 3.236 Executing VM operation: HandshakeAllThreads
Event: 3.236 Executing VM operation: HandshakeAllThreads done
Event: 3.238 Executing VM operation: HandshakeAllThreads
Event: 3.238 Executing VM operation: HandshakeAllThreads done
Event: 3.260 Executing VM operation: HandshakeAllThreads
Event: 3.260 Executing VM operation: HandshakeAllThreads done
Event: 3.387 Executing VM operation: HandshakeAllThreads
Event: 3.387 Executing VM operation: HandshakeAllThreads done
Event: 3.391 Executing VM operation: HandshakeAllThreads
Event: 3.391 Executing VM operation: HandshakeAllThreads done
Event: 3.642 Executing VM operation: HandshakeAllThreads
Event: 3.642 Executing VM operation: HandshakeAllThreads done
Event: 3.645 Executing VM operation: ICBufferFull
Event: 3.645 Executing VM operation: ICBufferFull done
Event: 3.658 Executing VM operation: HandshakeAllThreads
Event: 3.662 Executing VM operation: HandshakeAllThreads done
Event: 3.674 Executing VM operation: ParallelGCFailedAllocation
Event: 3.678 Executing VM operation: ParallelGCFailedAllocation done
Event: 3.698 Executing VM operation: CollectForMetadataAllocation
Event: 3.727 Executing VM operation: CollectForMetadataAllocation done

Events (20 events):
Event: 3.543 loading class sun/reflect/generics/tree/BooleanSignature done
Event: 3.543 loading class sun/reflect/generics/tree/ArrayTypeSignature
Event: 3.543 loading class sun/reflect/generics/tree/ArrayTypeSignature done
Event: 3.574 loading class java/math/BigDecimal
Event: 3.575 loading class java/math/BigDecimal done
Event: 3.604 loading class java/util/concurrent/atomic/AtomicIntegerArray
Event: 3.604 loading class java/util/concurrent/atomic/AtomicIntegerArray done
Event: 3.606 loading class java/util/Currency
Event: 3.607 loading class java/util/Currency done
Event: 3.612 loading class java/util/concurrent/atomic/AtomicLongArray
Event: 3.612 loading class java/util/concurrent/atomic/AtomicLongArray done
Event: 3.653 loading class sun/util/locale/provider/DateFormatProviderImpl
Event: 3.653 loading class sun/util/locale/provider/DateFormatProviderImpl done
Event: 3.669 Thread 0x00000150ce816e90 Thread added: 0x00000150ce816e90
Event: 3.695 loading class java/io/FilterReader
Event: 3.696 loading class java/io/FilterReader done
Event: 3.696 loading class sun/reflect/generics/repository/FieldRepository
Event: 3.696 loading class sun/reflect/generics/repository/FieldRepository done
Event: 3.730 loading class jdk/internal/reflect/UnsafeQualifiedIntegerFieldAccessorImpl
Event: 3.730 loading class jdk/internal/reflect/UnsafeQualifiedIntegerFieldAccessorImpl done


Dynamic libraries:
0x00007ff6b5810000 - 0x00007ff6b581e000 	c:\Users\oguz2\.vscode\extensions\redhat.java-1.8.0-win32-x64\jre\17.0.3-win32-x86_64\bin\java.exe
0x00007fff70430000 - 0x00007fff70627000 	C:\WINDOWS\SYSTEM32\ntdll.dll
0x00007fff6e5d0000 - 0x00007fff6e68d000 	C:\WINDOWS\System32\KERNEL32.DLL
0x00007fff6e120000 - 0x00007fff6e3ed000 	C:\WINDOWS\System32\KERNELBASE.dll
0x00007fff6af90000 - 0x00007fff6b020000 	C:\WINDOWS\SYSTEM32\apphelp.dll
0x00007fff6dec0000 - 0x00007fff6dfc0000 	C:\WINDOWS\System32\ucrtbase.dll
0x00007fff65b10000 - 0x00007fff65b28000 	c:\Users\oguz2\.vscode\extensions\redhat.java-1.8.0-win32-x64\jre\17.0.3-win32-x86_64\bin\jli.dll
0x00007fff635f0000 - 0x00007fff63609000 	c:\Users\oguz2\.vscode\extensions\redhat.java-1.8.0-win32-x64\jre\17.0.3-win32-x86_64\bin\VCRUNTIME140.dll
0x00007fff6fbb0000 - 0x00007fff6fd50000 	C:\WINDOWS\System32\USER32.dll
0x00007fff5d640000 - 0x00007fff5d8da000 	C:\WINDOWS\WinSxS\amd64_microsoft.windows.common-controls_6595b64144ccf1df_6.0.19041.1110_none_60b5254171f9507e\COMCTL32.dll
0x00007fff6db50000 - 0x00007fff6db72000 	C:\WINDOWS\System32\win32u.dll
0x00007fff6eaf0000 - 0x00007fff6eb1a000 	C:\WINDOWS\System32\GDI32.dll
0x00007fff6ea50000 - 0x00007fff6eaee000 	C:\WINDOWS\System32\msvcrt.dll
0x00007fff6dfc0000 - 0x00007fff6e0cb000 	C:\WINDOWS\System32\gdi32full.dll
0x00007fff6e3f0000 - 0x00007fff6e48d000 	C:\WINDOWS\System32\msvcp_win.dll
0x00007fff6f4a0000 - 0x00007fff6f4d0000 	C:\WINDOWS\System32\IMM32.DLL
0x00007fff680e0000 - 0x00007fff680ec000 	c:\Users\oguz2\.vscode\extensions\redhat.java-1.8.0-win32-x64\jre\17.0.3-win32-x86_64\bin\vcruntime140_1.dll
0x00007fff4a4e0000 - 0x00007fff4a571000 	c:\Users\oguz2\.vscode\extensions\redhat.java-1.8.0-win32-x64\jre\17.0.3-win32-x86_64\bin\msvcp140.dll
0x00007ffed55a0000 - 0x00007ffed61e8000 	c:\Users\oguz2\.vscode\extensions\redhat.java-1.8.0-win32-x64\jre\17.0.3-win32-x86_64\bin\server\jvm.dll
0x00007fff6fb00000 - 0x00007fff6fbae000 	C:\WINDOWS\System32\ADVAPI32.dll
0x00007fff6f270000 - 0x00007fff6f30c000 	C:\WINDOWS\System32\sechost.dll
0x00007fff6f920000 - 0x00007fff6fa45000 	C:\WINDOWS\System32\RPCRT4.dll
0x00007fff70250000 - 0x00007fff70258000 	C:\WINDOWS\System32\PSAPI.DLL
0x00007fff64c30000 - 0x00007fff64c57000 	C:\WINDOWS\SYSTEM32\WINMM.dll
0x00007fff568c0000 - 0x00007fff568c9000 	C:\WINDOWS\SYSTEM32\WSOCK32.dll
0x00007fff653d0000 - 0x00007fff653da000 	C:\WINDOWS\SYSTEM32\VERSION.dll
0x00007fff6f730000 - 0x00007fff6f79b000 	C:\WINDOWS\System32\WS2_32.dll
0x00007fff6c410000 - 0x00007fff6c422000 	C:\WINDOWS\SYSTEM32\kernel.appcore.dll
0x00007fff65ec0000 - 0x00007fff65eca000 	c:\Users\oguz2\.vscode\extensions\redhat.java-1.8.0-win32-x64\jre\17.0.3-win32-x86_64\bin\jimage.dll
0x00007fff6b7d0000 - 0x00007fff6b9b4000 	C:\WINDOWS\SYSTEM32\DBGHELP.DLL
0x00007fff574f0000 - 0x00007fff5751c000 	C:\WINDOWS\SYSTEM32\dbgcore.DLL
0x00007fff6de30000 - 0x00007fff6deb2000 	C:\WINDOWS\System32\bcryptPrimitives.dll
0x00007fff5bbb0000 - 0x00007fff5bbd5000 	c:\Users\oguz2\.vscode\extensions\redhat.java-1.8.0-win32-x64\jre\17.0.3-win32-x86_64\bin\java.dll
0x00007fff5be50000 - 0x00007fff5be68000 	c:\Users\oguz2\.vscode\extensions\redhat.java-1.8.0-win32-x64\jre\17.0.3-win32-x86_64\bin\zip.dll
0x00007fff6eb20000 - 0x00007fff6f264000 	C:\WINDOWS\System32\SHELL32.dll
0x00007fff6bb70000 - 0x00007fff6c304000 	C:\WINDOWS\SYSTEM32\windows.storage.dll
0x00007fff6e6f0000 - 0x00007fff6ea44000 	C:\WINDOWS\System32\combase.dll
0x00007fff6d5b0000 - 0x00007fff6d5dc000 	C:\WINDOWS\SYSTEM32\Wldp.dll
0x00007fff6fa50000 - 0x00007fff6fafd000 	C:\WINDOWS\System32\SHCORE.dll
0x00007fff6e490000 - 0x00007fff6e4e5000 	C:\WINDOWS\System32\shlwapi.dll
0x00007fff6da90000 - 0x00007fff6daaf000 	C:\WINDOWS\SYSTEM32\profapi.dll
0x00007fff5bb90000 - 0x00007fff5bba9000 	C:\Users\oguz2\.vscode\extensions\redhat.java-1.8.0-win32-x64\jre\17.0.3-win32-x86_64\bin\net.dll
0x00007fff5d020000 - 0x00007fff5d12a000 	C:\WINDOWS\SYSTEM32\WINHTTP.dll
0x00007fff6d310000 - 0x00007fff6d37a000 	C:\WINDOWS\system32\mswsock.dll
0x00007fff5bb70000 - 0x00007fff5bb85000 	C:\Users\oguz2\.vscode\extensions\redhat.java-1.8.0-win32-x64\jre\17.0.3-win32-x86_64\bin\nio.dll
0x00007fff66590000 - 0x00007fff665ce000 	C:\Users\oguz2\AppData\Roaming\Code\User\globalStorage\redhat.java\1.8.0\config_win\org.eclipse.equinox.launcher\org.eclipse.equinox.launcher.win32.win32.x86_64_1.2.500.v20220509-0833\eclipse_11700.dll
0x00007fff6f370000 - 0x00007fff6f49a000 	C:\WINDOWS\System32\ole32.dll
0x00007fff65b00000 - 0x00007fff65b10000 	c:\Users\oguz2\.vscode\extensions\redhat.java-1.8.0-win32-x64\jre\17.0.3-win32-x86_64\bin\verify.dll
0x00007fff6d500000 - 0x00007fff6d518000 	C:\WINDOWS\SYSTEM32\CRYPTSP.dll
0x00007fff6cc20000 - 0x00007fff6cc54000 	C:\WINDOWS\system32\rsaenh.dll
0x00007fff6de00000 - 0x00007fff6de27000 	C:\WINDOWS\System32\bcrypt.dll
0x00007fff6da10000 - 0x00007fff6da3e000 	C:\WINDOWS\SYSTEM32\USERENV.dll
0x00007fff6d520000 - 0x00007fff6d52c000 	C:\WINDOWS\SYSTEM32\CRYPTBASE.dll
0x00007fff6cfb0000 - 0x00007fff6cfeb000 	C:\WINDOWS\SYSTEM32\IPHLPAPI.DLL
0x00007fff70260000 - 0x00007fff70268000 	C:\WINDOWS\System32\NSI.dll
0x00007fff65600000 - 0x00007fff65617000 	C:\WINDOWS\SYSTEM32\dhcpcsvc6.DLL
0x00007fff662d0000 - 0x00007fff662ed000 	C:\WINDOWS\SYSTEM32\dhcpcsvc.DLL
0x00007fff6cff0000 - 0x00007fff6d0bb000 	C:\WINDOWS\SYSTEM32\DNSAPI.dll
0x00007fff65a00000 - 0x00007fff65a44000 	C:\Users\oguz2\AppData\Local\Temp\jna-105695573\jna13747546757834349147.dll

dbghelp: loaded successfully - version: 4.0.5 - missing functions: none
symbol engine: initialized successfully - sym options: 0x614 - pdb path: .;c:\Users\oguz2\.vscode\extensions\redhat.java-1.8.0-win32-x64\jre\17.0.3-win32-x86_64\bin;C:\WINDOWS\SYSTEM32;C:\WINDOWS\WinSxS\amd64_microsoft.windows.common-controls_6595b64144ccf1df_6.0.19041.1110_none_60b5254171f9507e;c:\Users\oguz2\.vscode\extensions\redhat.java-1.8.0-win32-x64\jre\17.0.3-win32-x86_64\bin\server;C:\Users\oguz2\AppData\Roaming\Code\User\globalStorage\redhat.java\1.8.0\config_win\org.eclipse.equinox.launcher\org.eclipse.equinox.launcher.win32.win32.x86_64_1.2.500.v20220509-0833;C:\Users\oguz2\AppData\Local\Temp\jna-105695573

VM Arguments:
jvm_args: --add-modules=ALL-SYSTEM --add-opens=java.base/java.util=ALL-UNNAMED --add-opens=java.base/java.lang=ALL-UNNAMED --add-opens=java.base/sun.nio.fs=ALL-UNNAMED -Declipse.application=org.eclipse.jdt.ls.core.id1 -Dosgi.bundles.defaultStartLevel=4 -Declipse.product=org.eclipse.jdt.ls.core.product -Djava.import.generatesMetadataFilesAtProjectRoot=false -Dfile.encoding=utf8 -DwatchParentProcess=false -XX:+UseParallelGC -XX:GCTimeRatio=4 -XX:AdaptiveSizePolicyWeight=90 -Dsun.zip.disableMemoryMapping=true -Xmx1G -Xms100m -XX:+HeapDumpOnOutOfMemoryError -XX:HeapDumpPath=c:\Users\oguz2\AppData\Roaming\Code\User\workspaceStorage\5f333f98354a6eec87f3407041a85514\redhat.java -Xmx4000M 
java_command: c:\Users\oguz2\.vscode\extensions\redhat.java-1.8.0-win32-x64\server\plugins\org.eclipse.equinox.launcher_1.6.400.v20210924-0641.jar -configuration c:\Users\oguz2\AppData\Roaming\Code\User\globalStorage\redhat.java\1.8.0\config_win -data c:\Users\oguz2\AppData\Roaming\Code\User\workspaceStorage\5f333f98354a6eec87f3407041a85514\redhat.java\jdt_ws
java_class_path (initial): c:\Users\oguz2\.vscode\extensions\redhat.java-1.8.0-win32-x64\server\plugins\org.eclipse.equinox.launcher_1.6.400.v20210924-0641.jar
Launcher Type: SUN_STANDARD

[Global flags]
    uintx AdaptiveSizePolicyWeight                 = 90                                        {product} {command line}
     intx CICompilerCount                          = 4                                         {product} {ergonomic}
    uintx GCTimeRatio                              = 4                                         {product} {command line}
     bool HeapDumpOnOutOfMemoryError               = true                                   {manageable} {command line}
    ccstr HeapDumpPath                             = c:\Users\oguz2\AppData\Roaming\Code\User\workspaceStorage\5f333f98354a6eec87f3407041a85514\redhat.java         {manageable} {command line}
   size_t InitialHeapSize                          = 104857600                                 {product} {command line}
   size_t MaxHeapSize                              = 4194304000                                {product} {command line}
   size_t MaxNewSize                               = 1397751808                                {product} {ergonomic}
   size_t MinHeapDeltaBytes                        = 524288                                    {product} {ergonomic}
   size_t MinHeapSize                              = 104857600                                 {product} {command line}
   size_t NewSize                                  = 34603008                                  {product} {ergonomic}
    uintx NonNMethodCodeHeapSize                   = 5839372                                {pd product} {ergonomic}
    uintx NonProfiledCodeHeapSize                  = 122909434                              {pd product} {ergonomic}
   size_t OldSize                                  = 70254592                                  {product} {ergonomic}
    uintx ProfiledCodeHeapSize                     = 122909434                              {pd product} {ergonomic}
    uintx ReservedCodeCacheSize                    = 251658240                              {pd product} {ergonomic}
     bool SegmentedCodeCache                       = true                                      {product} {ergonomic}
   size_t SoftMaxHeapSize                          = 4194304000                             {manageable} {ergonomic}
     bool UseCompressedClassPointers               = true                           {product lp64_product} {ergonomic}
     bool UseCompressedOops                        = true                           {product lp64_product} {ergonomic}
     bool UseLargePagesIndividualAllocation        = false                                  {pd product} {ergonomic}
     bool UseParallelGC                            = true                                      {product} {command line}

Logging:
Log output configuration:
 #0: stdout all=warning uptime,level,tags
 #1: stderr all=off uptime,level,tags

Environment Variables:
_JAVA_OPTIONS=-Xmx4000M
PATH=C:\Program Files (x86)\Common Files\Oracle\Java\javapath;C:\Program Files (x86)\Intel\Intel(R) Management Engine Components\iCLS\;C:\Program Files\Intel\Intel(R) Management Engine Components\iCLS\;C:\ProgramData\Oracle\Java\javapath;C:\Windows\system32;C:\Windows;C:\Windows\System32\Wbem;C:\Windows\System32\WindowsPowerShell\v1.0\;C:\Program Files (x86)\Common Files\lenovo\easyplussdk\bin;C:\Program Files (x86)\NVIDIA Corporation\PhysX\Common;C:\Program Files\Intel\WiFi\bin\;C:\Program Files\Common Files\Intel\WirelessCommon\;C:\WINDOWS\system32;C:\WINDOWS;C:\WINDOWS\System32\Wbem;C:\WINDOWS\System32\WindowsPowerShell\v1.0\;C:\WINDOWS\System32\OpenSSH\;C:\Program Files (x86)\Intel\Intel(R) Management Engine Components\DAL;C:\Program Files\Intel\Intel(R) Management Engine Components\DAL;C:\Program Files (x86)\Intel\Intel(R) Management Engine Components\IPT;C:\Program Files\Intel\Intel(R) Management Engine Components\IPT;C:\Program Files\PuTTY\;D:\matlab\bin;D:\nodejs\;C:\Program Files\MySQL\MySQL Shell 8.0\bin\;C:\Users\oguz2\AppData\Local\Microsoft\WindowsApps;;C:\Users\oguz2\AppData\Local\Programs\Microsoft VS Code\bin;C:\Program Files\JetBrains\IntelliJ IDEA Educational Edition 2020.3.4\bin;;C:\Users\oguz2\AppData\Roaming\npm
USERNAME=oguz2
OS=Windows_NT
PROCESSOR_IDENTIFIER=Intel64 Family 6 Model 94 Stepping 3, GenuineIntel



---------------  S Y S T E M  ---------------

OS:
 Windows 10 , 64 bit Build 19041 (10.0.19041.1741)
OS uptime: 3 days 0:08 hours

CPU: total 8 (initial active 8) (4 cores per cpu, 2 threads per core) family 6 model 94 stepping 3 microcode 0xcc, cx8, cmov, fxsr, ht, mmx, 3dnowpref, sse, sse2, sse3, ssse3, sse4.1, sse4.2, popcnt, lzcnt, tsc, tscinvbit, avx, avx2, aes, erms, clmul, bmi1, bmi2, rtm, adx, fma, vzeroupper, clflush, clflushopt

Memory: 4k page, system-wide physical 16211M (1094M free)
TotalPageFile size 21043M (AvailPageFile size 10M)
current process WorkingSet (physical memory assigned to process): 182M, peak: 182M
current process commit charge ("private bytes"): 380M, peak: 380M

vm_info: OpenJDK 64-Bit Server VM (17.0.3+7) for windows-amd64 JRE (17.0.3+7), built on Apr 19 2022 16:55:35 by "" with MS VC++ 16.7 (VS2019)

END.
